<?xml version="1.0" encoding="UTF-8"?>
<!-- Generated by org.testng.reporters.JUnitReportReporter -->
<testsuite hostname="Anurags-MacBook-Pro.local" failures="0" tests="1" name="com.qa.tests.LoginTests" time="5.640" errors="0" timestamp="2025-08-23T22:26:42 IST" skipped="0">
  <testcase classname="com.qa.tests.LoginTests" name="validuserName" time="5.640"/>
</testsuite> <!-- com.qa.tests.LoginTests -->
