<?xml version="1.0" encoding="UTF-8"?>
<!-- Generated by org.testng.reporters.JUnitReportReporter -->
<testsuite hostname="Anurags-MacBook-Pro.local" failures="0" tests="2" name="com.qa.tests.LoginTests" time="8.883" errors="0" timestamp="2025-08-24T23:24:30 IST" skipped="0">
  <testcase classname="com.qa.tests.LoginTests" name="validuserName" time="4.136"/>
  <testcase classname="com.qa.tests.LoginTests" name="invaliduserName" time="4.747"/>
</testsuite> <!-- com.qa.tests.LoginTests -->
