<?xml version="1.0" encoding="UTF-8"?>
<!-- Generated by org.testng.reporters.JUnitReportReporter -->
<testsuite hostname="Anurags-MacBook-Pro.local" failures="0" tests="2" name="com.qa.tests.LoginTests" time="10.442" errors="0" timestamp="2025-08-30T23:43:08 IST" skipped="0">
  <testcase classname="com.qa.tests.LoginTests" name="invaliduserName" time="6.040"/>
  <testcase classname="com.qa.tests.LoginTests" name="validuserName" time="4.402"/>
</testsuite> <!-- com.qa.tests.LoginTests -->
